<?xml version="1.0" encoding="UTF-8"?>
<!-- Generated by org.testng.reporters.JUnitXMLReporter -->
<testsuite ignored="4" hostname="crazy" failures="0" tests="2" name="Test" time="0.066" errors="0" timestamp="2022-02-03T21:21:12 IST">
  <testcase classname="TestNg.Groups" name="m1" time="0.01"/>
  <testcase classname="TestNg.Groups" name="m2" time="0.002"/>
  <testcase classname="TestNg.Groups" name="m6" time="0.0">
    <ignored/>
  </testcase> <!-- m6 -->
  <testcase classname="TestNg.Groups" name="m5" time="0.0">
    <ignored/>
  </testcase> <!-- m5 -->
  <testcase classname="TestNg.Groups" name="m4" time="0.0">
    <ignored/>
  </testcase> <!-- m4 -->
  <testcase classname="TestNg.Groups" name="m3" time="0.0">
    <ignored/>
  </testcase> <!-- m3 -->
</testsuite> <!-- Test -->
