<?xml version="1.0" encoding="UTF-8"?>
<testng-results ignored="4" total="6" passed="2" failed="0" skipped="0">
  <reporter-output>
  </reporter-output>
  <suite started-at="2022-02-03T21:21:12 IST" name="Suite" finished-at="2022-02-03T21:21:12 IST" duration-ms="66">
    <groups>
      <group name="Sanity">
        <method signature="Groups.m1()[pri:0, instance:TestNg.Groups@7fee8714]" name="m1" class="TestNg.Groups"/>
        <method signature="Groups.m2()[pri:0, instance:TestNg.Groups@7fee8714]" name="m2" class="TestNg.Groups"/>
      </group> <!-- Sanity -->
    </groups>
    <test started-at="2022-02-03T21:21:12 IST" name="Test" finished-at="2022-02-03T21:21:12 IST" duration-ms="66">
      <class name="TestNg.Groups">
        <test-method signature="m1()[pri:0, instance:TestNg.Groups@7fee8714]" started-at="2022-02-03T21:21:12 IST" name="m1" finished-at="2022-02-03T21:21:12 IST" duration-ms="10" status="PASS">
          <reporter-output>
          </reporter-output>
        </test-method> <!-- m1 -->
        <test-method signature="m2()[pri:0, instance:TestNg.Groups@7fee8714]" started-at="2022-02-03T21:21:12 IST" name="m2" finished-at="2022-02-03T21:21:12 IST" duration-ms="2" status="PASS">
          <reporter-output>
          </reporter-output>
        </test-method> <!-- m2 -->
      </class> <!-- TestNg.Groups -->
    </test> <!-- Test -->
  </suite> <!-- Suite -->
</testng-results>
